0 info it worked if it ends with ok
1 verbose cli [
1 verbose cli   'C:\\Program Files\\nodejs\\node.exe',
1 verbose cli   'C:\\Program Files\\nodejs\\node_modules\\npm\\bin\\npm-cli.js',
1 verbose cli   'install',
1 verbose cli   'dinero.js/currencies@alpha'
1 verbose cli ]
2 info using npm@6.14.15
3 info using node@v14.17.6
4 verbose npm-session 83f37772e1afec38
5 silly install loadCurrentTree
6 silly install readLocalPackageData
7 silly fetchPackageMetaData error for file:dinero.js\currencies@alpha Could not install from "dinero.js\currencies@alpha" as it does not contain a package.json file.
8 timing stage:rollbackFailedOptional Completed in 1ms
9 timing stage:runTopLevelLifecycles Completed in 480ms
10 verbose stack Error: ENOENT: no such file or directory, open 'E:\EC3\dinero.js\currencies@alpha\package.json'
11 verbose cwd E:\EC3
12 verbose Windows_NT 10.0.22000
13 verbose argv "C:\\Program Files\\nodejs\\node.exe" "C:\\Program Files\\nodejs\\node_modules\\npm\\bin\\npm-cli.js" "install" "dinero.js/currencies@alpha"
14 verbose node v14.17.6
15 verbose npm  v6.14.15
16 error code ENOLOCAL
17 error Could not install from "dinero.js\currencies@alpha" as it does not contain a package.json file.
18 verbose exit [ 1, true ]
