0 info it worked if it ends with ok
1 verbose cli [
1 verbose cli   'C:\\Program Files\\nodejs\\node.exe',
1 verbose cli   'C:\\Program Files\\nodejs\\node_modules\\npm\\bin\\npm-cli.js',
1 verbose cli   'start'
1 verbose cli ]
2 info using npm@6.14.15
3 info using node@v14.17.6
4 verbose run-script [ 'prestart', 'start', 'poststart' ]
5 info lifecycle ec3@0.0.0~prestart: ec3@0.0.0
6 info lifecycle ec3@0.0.0~start: ec3@0.0.0
7 verbose lifecycle ec3@0.0.0~start: unsafe-perm in lifecycle true
8 verbose lifecycle ec3@0.0.0~start: PATH: C:\Program Files\nodejs\node_modules\npm\node_modules\npm-lifecycle\node-gyp-bin;E:\EC3\node_modules\.bin;C:\Windows\system32;C:\Windows;C:\Windows\System32\Wbem;C:\Windows\System32\WindowsPowerShell\v1.0\;C:\Windows\System32\OpenSSH\;C:\Program Files\nodejs\;C:\Program Files\nodejs\node_modules\npm\bin;C:\Program Files\MongoDB\Server\5.0\bin;C:\Program Files\Git\cmd;C:\Users\Hafiz Muhammad\AppData\Local\Microsoft\WindowsApps;C:\Users\Hafiz Muhammad\AppData\Local\Programs\Microsoft VS Code\bin;C:\Users\Hafiz Muhammad\AppData\Roaming\npm;C:\Users\Hafiz Muhammad\AppData\Local\GitHubDesktop\bin
9 verbose lifecycle ec3@0.0.0~start: CWD: E:\EC3
10 silly lifecycle ec3@0.0.0~start: Args: [ '/d /s /c', 'nodemon ./bin/www' ]
11 silly lifecycle ec3@0.0.0~start: Returned: code: 1  signal: null
12 info lifecycle ec3@0.0.0~start: Failed to exec start script
13 verbose stack Error: ec3@0.0.0 start: `nodemon ./bin/www`
13 verbose stack Exit status 1
13 verbose stack     at EventEmitter.<anonymous> (C:\Program Files\nodejs\node_modules\npm\node_modules\npm-lifecycle\index.js:332:16)
13 verbose stack     at EventEmitter.emit (events.js:400:28)
13 verbose stack     at ChildProcess.<anonymous> (C:\Program Files\nodejs\node_modules\npm\node_modules\npm-lifecycle\lib\spawn.js:55:14)
13 verbose stack     at ChildProcess.emit (events.js:400:28)
13 verbose stack     at maybeClose (internal/child_process.js:1055:16)
13 verbose stack     at Process.ChildProcess._handle.onexit (internal/child_process.js:288:5)
14 verbose pkgid ec3@0.0.0
15 verbose cwd E:\EC3
16 verbose Windows_NT 10.0.19043
17 verbose argv "C:\\Program Files\\nodejs\\node.exe" "C:\\Program Files\\nodejs\\node_modules\\npm\\bin\\npm-cli.js" "start"
18 verbose node v14.17.6
19 verbose npm  v6.14.15
20 error code ELIFECYCLE
21 error errno 1
22 error ec3@0.0.0 start: `nodemon ./bin/www`
22 error Exit status 1
23 error Failed at the ec3@0.0.0 start script.
23 error This is probably not a problem with npm. There is likely additional logging output above.
24 verbose exit [ 1, true ]
